<?xml version="1.0" encoding="UTF-8"?>
<testng-results ignored="0" total="2" passed="2" failed="0" skipped="0">
  <reporter-output>
  </reporter-output>
  <suite started-at="2021-12-10T16:13:25 EST" name="Default suite" finished-at="2021-12-10T16:13:30 EST" duration-ms="5716">
    <groups>
    </groups>
    <test started-at="2021-12-10T16:13:25 EST" name="Default test" finished-at="2021-12-10T16:13:30 EST" duration-ms="5716">
      <class name="classassignment.Rizwanpractice">
        <test-method signature="begin()[pri:0, instance:classassignment.Rizwanpractice@242b836]" started-at="2021-12-10T16:13:25 EST" name="begin" finished-at="2021-12-10T16:13:30 EST" duration-ms="5630" status="PASS">
          <reporter-output>
          </reporter-output>
        </test-method> <!-- begin -->
        <test-method signature="signinclick()[pri:0, instance:classassignment.Rizwanpractice@242b836]" started-at="2021-12-10T16:13:30 EST" name="signinclick" finished-at="2021-12-10T16:13:30 EST" duration-ms="33" status="PASS">
          <reporter-output>
          </reporter-output>
        </test-method> <!-- signinclick -->
      </class> <!-- classassignment.Rizwanpractice -->
    </test> <!-- Default test -->
  </suite> <!-- Default suite -->
</testng-results>
